Total number of prepositions: 5975

Total accuracy: 43%

Count per preposition (reference)
of: 1594
in: 911
to: 1408
for: 419
with: 441
on: 234
at: 364
from: 286
by: 213
about: 105

Count per preposition (predicted)
of: 2699
in: 729
to: 1698
for: 192
with: 253
on: 44
at: 156
from: 110
by: 58
about: 36

Predicted  about   at  by  for  from   in    of  on    to  with   All
Reference                                                            
about          9    3   1    3     3   19    38   2    22     5   105
at             1   49   2   16     9   63   122   4    79    19   364
by             1    5  14    4     2   33    78   1    66     9   213
for            1   15   5   50     7   44   160   2   120    15   419
from           0    3   3    6    31   33   108   2    85    15   286
in             3   22  12   30    11  221   324  14   232    42   911
of             8   19   6   22     8  101  1269   0   135    26  1594
on             1    9   1    7     4   42    88   9    61    12   234
to            11   21   9   42    27  105   352   6   807    28  1408
with           1   10   5   12     8   68   160   4    91    82   441
All           36  156  58  192   110  729  2699  44  1698   253  5975
