Total number of prepositions: 5975

Total accuracy: 43%

Count per preposition (reference)
of: 1594
in: 911
to: 1408
for: 419
with: 441
on: 234
at: 364
from: 286
by: 213
about: 105

Count per preposition (predicted)
of: 2424
in: 761
to: 1709
for: 212
with: 430
on: 50
at: 191
from: 105
by: 59
about: 34

Predicted  about   at  by  for  from   in    of  on    to  with   All
Reference                                                            
about         10    4   1    1     3   23    33   1    24     5   105
at             0   54   3   19     4   66    92   5    80    41   364
by             1    4  12    5     2   34    79   1    57    18   213
for            2   16   4   56     7   48   135   3   118    30   419
from           0    4   4    8    44   28    86   2    83    27   286
in             3   28  14   34    10  229   279  12   217    85   911
of             8   23  10   26     6  107  1218   3   154    39  1594
on             0   10   0    9     4   49    65  11    56    30   234
to             9   27   7   38    21  119   301   8   826    52  1408
with           1   21   4   16     4   58   136   4    94   103   441
All           34  191  59  212   105  761  2424  50  1709   430  5975
